[
[{"type":"P","count":1,"id":1,"dlc":5,"data":[0,1,2,3,16,0,0,0]}]
,
[{"type":"P","count":1,"id":2,"dlc":5,"data":[0,1,2,3,18,0,0,0]}]
,
[{"type":"P","count":1,"id":3,"dlc":5,"data":[0,1,2,3,36,0,0,0]}]
,
[{"type":"P","count":1,"id":4,"dlc":5,"data":[0,1,2,3,35,0,0,0]}]
,
[{"type":"P","count":1,"id":5,"dlc":5,"data":[0,1,2,3,4,0,0,0]}]
,
[{"type":"P","count":1,"id":3,"dlc":5,"data":[0,1,2,3,84,0,0,0]}]
,
[{"type":"P","count":1,"id":2,"dlc":5,"data":[0,1,2,3,52,0,0,0]}]
,
[{"type":"P","count":1,"id":1,"dlc":5,"data":[0,1,2,3,18,0,0,0]}]
,
[{"type":"P","count":1,"id":5,"dlc":5,"data":[0,1,2,3,17,0,0,0]}]
,
[{"type":"P","count":1,"id":4,"dlc":5,"data":[0,1,2,3,18,0,0,0]}]
,
[{"type":"P","count":1,"id":2,"dlc":5,"data":[0,1,2,3,35,0,0,0]}]
,
[{"type":"P","count":1,"id":1,"dlc":5,"data":[0,1,2,3,51,0,0,0]}]
,
[{"type":"P","count":3,"id":5,"dlc":5,"data":[0,1,2,3,3,0,0,0]}]
,
[{"type":"P","count":1,"id":3,"dlc":5,"data":[0,3,2,3,21,0,0,0]}]
,
[{"type":"P","count":1,"id":4,"dlc":5,"data":[0,1,6,3,22,0,0,0]}]
,
[{"type":"P","count":1,"id":1,"dlc":5,"data":[0,1,2,3,84,0,0,0]}]
,
[{"type":"P","count":1,"id":1,"dlc":5,"data":[0,3,2,3,84,0,0,0]}]
]
